TN:
SF:src/engine.ts
FN:40,(anonymous_0)
FN:48,(anonymous_1)
FN:55,(anonymous_2)
FN:71,(anonymous_3)
FN:126,(anonymous_4)
FN:141,(anonymous_5)
FN:197,(anonymous_6)
FN:259,(anonymous_7)
FN:304,(anonymous_8)
FN:359,(anonymous_9)
FN:405,(anonymous_10)
FN:424,(anonymous_11)
FN:474,(anonymous_12)
FN:487,(anonymous_13)
FN:504,(anonymous_14)
FN:517,(anonymous_15)
FN:534,(anonymous_16)
FN:559,(anonymous_17)
FN:574,(anonymous_18)
FN:587,(anonymous_19)
FN:640,(anonymous_20)
FN:729,(anonymous_21)
FN:785,(anonymous_22)
FN:846,(anonymous_23)
FN:867,(anonymous_24)
FN:900,(anonymous_25)
FN:926,(anonymous_26)
FN:939,(anonymous_27)
FN:972,(anonymous_28)
FN:985,(anonymous_29)
FN:986,(anonymous_30)
FN:995,(anonymous_31)
FN:996,(anonymous_32)
FN:1006,(anonymous_33)
FN:1009,(anonymous_34)
FN:1021,(anonymous_35)
FNF:36
FNH:35
FNDA:144,(anonymous_0)
FNDA:144,(anonymous_1)
FNDA:0,(anonymous_2)
FNDA:709,(anonymous_3)
FNDA:1672,(anonymous_4)
FNDA:20,(anonymous_5)
FNDA:9,(anonymous_6)
FNDA:81,(anonymous_7)
FNDA:4,(anonymous_8)
FNDA:3,(anonymous_9)
FNDA:4,(anonymous_10)
FNDA:507,(anonymous_11)
FNDA:317,(anonymous_12)
FNDA:3,(anonymous_13)
FNDA:4,(anonymous_14)
FNDA:11,(anonymous_15)
FNDA:10,(anonymous_16)
FNDA:34,(anonymous_17)
FNDA:12,(anonymous_18)
FNDA:10,(anonymous_19)
FNDA:2,(anonymous_20)
FNDA:7,(anonymous_21)
FNDA:163,(anonymous_22)
FNDA:20,(anonymous_23)
FNDA:35,(anonymous_24)
FNDA:3,(anonymous_25)
FNDA:17,(anonymous_26)
FNDA:322,(anonymous_27)
FNDA:22,(anonymous_28)
FNDA:1213,(anonymous_29)
FNDA:1213,(anonymous_30)
FNDA:19,(anonymous_31)
FNDA:19,(anonymous_32)
FNDA:1232,(anonymous_33)
FNDA:1232,(anonymous_34)
FNDA:1266,(anonymous_35)
DA:36,144
DA:38,144
DA:41,144
DA:49,144
DA:56,0
DA:72,709
DA:73,709
DA:75,709
DA:78,709
DA:85,709
DA:86,721
DA:91,721
DA:99,709
DA:100,721
DA:101,1468
DA:102,1468
DA:103,325
DA:112,709
DA:115,709
DA:117,709
DA:127,1672
DA:128,1672
DA:129,1663
DA:142,20
DA:143,20
DA:144,2
DA:147,18
DA:150,18
DA:151,18
DA:152,33
DA:153,33
DA:154,1
DA:163,18
DA:166,18
DA:173,18
DA:174,18
DA:175,19
DA:176,19
DA:177,2
DA:186,18
DA:187,18
DA:198,9
DA:199,9
DA:201,8
DA:204,8
DA:205,6
DA:206,6
DA:207,6
DA:208,6
DA:209,6
DA:214,8
DA:215,2
DA:216,2
DA:217,2
DA:218,2
DA:219,2
DA:224,8
DA:225,8
DA:226,8
DA:230,8
DA:231,8
DA:232,8
DA:233,8
DA:234,1
DA:243,8
DA:245,8
DA:246,8
DA:260,81
DA:263,81
DA:264,40
DA:265,41
DA:266,41
DA:268,22
DA:269,22
DA:271,20
DA:272,20
DA:273,17
DA:274,17
DA:275,17
DA:276,17
DA:279,20
DA:286,61
DA:287,238
DA:288,238
DA:289,238
DA:290,128
DA:294,61
DA:305,4
DA:306,4
DA:307,1
DA:310,3
DA:311,1
DA:314,2
DA:316,2
DA:318,2
DA:324,2
DA:330,2
DA:337,2
DA:338,2
DA:339,2
DA:340,1
DA:348,2
DA:349,2
DA:360,3
DA:361,3
DA:362,0
DA:365,3
DA:366,3
DA:367,1
DA:370,2
DA:372,2
DA:374,2
DA:380,2
DA:381,2
DA:384,2
DA:385,2
DA:386,2
DA:387,1
DA:394,2
DA:395,2
DA:406,4
DA:407,4
DA:431,507
DA:432,507
DA:433,507
DA:434,3
DA:437,504
DA:438,504
DA:440,504
DA:443,504
DA:450,504
DA:456,504
DA:462,504
DA:463,504
DA:465,504
DA:475,317
DA:476,317
DA:477,307
DA:488,3
DA:489,3
DA:490,1
DA:493,2
DA:495,2
DA:496,2
DA:505,4
DA:506,4
DA:508,3
DA:509,3
DA:510,3
DA:521,11
DA:522,11
DA:523,11
DA:524,11
DA:535,10
DA:539,10
DA:540,229
DA:541,229
DA:542,24
DA:546,10
DA:560,34
DA:575,12
DA:577,12
DA:578,2
DA:580,10
DA:594,10
DA:595,10
DA:597,10
DA:598,10
DA:600,10
DA:601,10
DA:603,10
DA:604,70
DA:606,70
DA:607,7
DA:613,63
DA:614,2
DA:618,61
DA:620,61
DA:621,120
DA:622,66
DA:623,66
DA:634,3
DA:648,2
DA:649,2
DA:650,2
DA:652,2
DA:653,2
DA:655,2
DA:656,2
DA:658,2
DA:660,6
DA:661,6
DA:662,6
DA:663,10
DA:664,10
DA:665,10
DA:666,10
DA:670,6
DA:671,6
DA:673,6
DA:675,2
DA:680,2
DA:681,2
DA:682,6
DA:683,6
DA:684,6
DA:686,6
DA:687,6
DA:688,4
DA:689,4
DA:691,2
DA:695,2
DA:698,4
DA:699,6
DA:702,4
DA:704,4
DA:705,8
DA:706,8
DA:708,8
DA:709,6
DA:710,6
DA:711,6
DA:716,0
DA:730,7
DA:732,7
DA:733,7
DA:734,7
DA:735,7
DA:737,7
DA:738,7
DA:739,0
DA:742,7
DA:743,7
DA:744,7
DA:746,7
DA:747,37
DA:749,37
DA:750,23
DA:753,14
DA:755,14
DA:757,43
DA:758,0
DA:760,43
DA:761,2
DA:764,41
DA:766,41
DA:767,30
DA:768,30
DA:769,30
DA:774,7
DA:790,163
DA:792,163
DA:793,163
DA:794,163
DA:796,163
DA:797,236
DA:799,170
DA:800,171
DA:801,171
DA:802,205
DA:803,205
DA:804,205
DA:805,205
DA:807,205
DA:808,205
DA:809,205
DA:810,205
DA:816,66
DA:817,66
DA:818,83
DA:819,83
DA:820,83
DA:821,83
DA:823,83
DA:824,83
DA:825,83
DA:826,83
DA:832,163
DA:849,20
DA:850,20
DA:853,3
DA:868,35
DA:869,35
DA:870,2
DA:873,33
DA:876,33
DA:877,33
DA:879,33
DA:880,20
DA:881,18
DA:889,33
DA:890,7
DA:901,3
DA:902,3
DA:903,1
DA:906,2
DA:909,2
DA:910,2
DA:911,1
DA:914,2
DA:915,1
DA:927,17
DA:928,17
DA:929,17
DA:931,17
DA:940,322
DA:941,326
DA:944,326
DA:945,177
DA:946,49
DA:950,149
DA:951,147
DA:952,146
DA:953,144
DA:954,83
DA:955,81
DA:956,80
DA:957,79
DA:958,77
DA:959,75
DA:960,73
DA:961,4
DA:962,4
DA:966,118
DA:973,22
DA:974,19
DA:976,3
DA:977,1
DA:979,2
DA:986,1213
DA:987,1213
DA:988,1213
DA:996,19
DA:997,19
DA:998,19
DA:1007,1232
DA:1009,1232
DA:1010,1232
DA:1011,1232
DA:1012,1232
DA:1014,1232
DA:1022,1266
DA:1023,1266
DA:1024,1049
LF:344
LH:339
BRDA:41,0,0,144
BRDA:41,0,1,144
BRDA:71,1,0,709
BRDA:102,2,0,325
BRDA:102,2,1,1143
BRDA:128,3,0,9
BRDA:128,3,1,1663
BRDA:143,4,0,2
BRDA:143,4,1,18
BRDA:153,5,0,1
BRDA:153,5,1,32
BRDA:153,6,0,33
BRDA:153,6,1,11
BRDA:153,6,2,1
BRDA:176,7,0,2
BRDA:176,7,1,17
BRDA:199,8,0,1
BRDA:199,8,1,8
BRDA:208,9,0,6
BRDA:208,9,1,0
BRDA:218,10,0,2
BRDA:218,10,1,0
BRDA:233,11,0,1
BRDA:233,11,1,7
BRDA:263,12,0,40
BRDA:263,12,1,41
BRDA:266,13,0,22
BRDA:266,13,1,19
BRDA:269,14,0,20
BRDA:269,14,1,2
BRDA:275,15,0,17
BRDA:275,15,1,0
BRDA:275,16,0,17
BRDA:275,16,1,17
BRDA:289,17,0,128
BRDA:289,17,1,110
BRDA:289,18,0,238
BRDA:289,18,1,238
BRDA:289,18,2,198
BRDA:306,19,0,1
BRDA:306,19,1,3
BRDA:310,20,0,1
BRDA:310,20,1,2
BRDA:339,21,0,1
BRDA:339,21,1,1
BRDA:361,22,0,0
BRDA:361,22,1,3
BRDA:366,23,0,1
BRDA:366,23,1,2
BRDA:386,24,0,1
BRDA:386,24,1,1
BRDA:428,25,0,507
BRDA:433,26,0,3
BRDA:433,26,1,504
BRDA:433,27,0,507
BRDA:433,27,1,506
BRDA:434,28,0,1
BRDA:434,28,1,2
BRDA:476,29,0,10
BRDA:476,29,1,307
BRDA:489,30,0,1
BRDA:489,30,1,2
BRDA:506,31,0,1
BRDA:506,31,1,3
BRDA:541,32,0,24
BRDA:541,32,1,205
BRDA:541,33,0,229
BRDA:541,33,1,116
BRDA:541,33,2,104
BRDA:575,34,0,12
BRDA:575,35,0,12
BRDA:575,36,0,12
BRDA:575,36,1,3
BRDA:577,37,0,2
BRDA:577,37,1,10
BRDA:591,38,0,10
BRDA:592,39,0,10
BRDA:598,40,0,0
BRDA:598,40,1,10
BRDA:606,41,0,7
BRDA:606,41,1,63
BRDA:613,42,0,2
BRDA:613,42,1,61
BRDA:621,43,0,66
BRDA:621,43,1,54
BRDA:645,44,0,2
BRDA:646,45,0,2
BRDA:653,46,0,0
BRDA:653,46,1,2
BRDA:663,47,0,10
BRDA:663,47,1,0
BRDA:664,48,0,10
BRDA:664,48,1,0
BRDA:670,49,0,0
BRDA:670,49,1,6
BRDA:670,50,0,6
BRDA:670,50,1,6
BRDA:673,51,0,2
BRDA:673,51,1,4
BRDA:683,52,0,0
BRDA:683,52,1,6
BRDA:687,53,0,4
BRDA:687,53,1,2
BRDA:698,54,0,4
BRDA:698,54,1,0
BRDA:699,55,0,0
BRDA:699,55,1,6
BRDA:705,56,0,8
BRDA:705,56,1,0
BRDA:708,57,0,6
BRDA:708,57,1,2
BRDA:708,58,0,8
BRDA:708,58,1,6
BRDA:730,59,0,7
BRDA:730,60,0,7
BRDA:730,60,1,4
BRDA:738,61,0,0
BRDA:738,61,1,7
BRDA:749,62,0,23
BRDA:749,62,1,14
BRDA:757,63,0,0
BRDA:757,63,1,43
BRDA:757,64,0,43
BRDA:757,64,1,0
BRDA:760,65,0,2
BRDA:760,65,1,41
BRDA:760,66,0,43
BRDA:760,66,1,3
BRDA:766,67,0,30
BRDA:766,67,1,11
BRDA:788,68,0,163
BRDA:793,69,0,142
BRDA:793,69,1,21
BRDA:793,70,0,163
BRDA:793,70,1,94
BRDA:794,71,0,94
BRDA:794,71,1,69
BRDA:794,72,0,163
BRDA:794,72,1,142
BRDA:797,73,0,170
BRDA:797,73,1,66
BRDA:797,74,0,236
BRDA:797,74,1,170
BRDA:805,75,0,0
BRDA:805,75,1,205
BRDA:807,76,0,130
BRDA:807,76,1,75
BRDA:809,77,0,205
BRDA:809,77,1,0
BRDA:821,78,0,0
BRDA:821,78,1,83
BRDA:823,79,0,46
BRDA:823,79,1,37
BRDA:825,80,0,83
BRDA:825,80,1,0
BRDA:869,81,0,2
BRDA:869,81,1,33
BRDA:880,82,0,18
BRDA:880,82,1,2
BRDA:889,83,0,7
BRDA:889,83,1,26
BRDA:902,84,0,1
BRDA:902,84,1,2
BRDA:914,85,0,1
BRDA:914,85,1,1
BRDA:944,86,0,177
BRDA:944,86,1,149
BRDA:944,87,0,326
BRDA:944,87,1,150
BRDA:945,88,0,128
BRDA:945,88,1,49
BRDA:950,89,0,2
BRDA:950,89,1,147
BRDA:950,90,0,149
BRDA:950,90,1,4
BRDA:951,91,0,1
BRDA:951,91,1,146
BRDA:951,92,0,147
BRDA:951,92,1,3
BRDA:952,93,0,2
BRDA:952,93,1,144
BRDA:952,94,0,146
BRDA:952,94,1,3
BRDA:953,95,0,61
BRDA:953,95,1,83
BRDA:953,96,0,144
BRDA:953,96,1,116
BRDA:954,97,0,2
BRDA:954,97,1,81
BRDA:954,98,0,83
BRDA:954,98,1,3
BRDA:955,99,0,1
BRDA:955,99,1,80
BRDA:955,100,0,81
BRDA:955,100,1,3
BRDA:956,101,0,1
BRDA:956,101,1,79
BRDA:956,102,0,80
BRDA:956,102,1,3
BRDA:957,103,0,2
BRDA:957,103,1,77
BRDA:957,104,0,79
BRDA:957,104,1,3
BRDA:958,105,0,2
BRDA:958,105,1,75
BRDA:958,106,0,77
BRDA:958,106,1,3
BRDA:959,107,0,2
BRDA:959,107,1,73
BRDA:959,108,0,75
BRDA:959,108,1,3
BRDA:960,109,0,4
BRDA:960,109,1,69
BRDA:961,110,0,4
BRDA:961,110,1,3
BRDA:962,111,0,0
BRDA:962,111,1,4
BRDA:973,112,0,19
BRDA:973,112,1,3
BRDA:973,113,0,22
BRDA:973,113,1,4
BRDA:976,114,0,1
BRDA:976,114,1,2
BRDA:1023,115,0,217
BRDA:1023,115,1,1049
BRF:225
BRH:204
end_of_record
TN:
SF:src/index.ts
FNF:0
FNH:0
LF:0
LH:0
BRF:0
BRH:0
end_of_record
TN:
SF:src/traversal.ts
FN:43,(anonymous_0)
FN:54,(anonymous_1)
FN:68,(anonymous_2)
FN:82,(anonymous_3)
FN:98,(anonymous_4)
FN:115,(anonymous_5)
FN:126,(anonymous_6)
FN:138,(anonymous_7)
FN:147,(anonymous_8)
FN:155,(anonymous_9)
FN:167,(anonymous_10)
FN:226,(anonymous_11)
FN:301,(anonymous_12)
FN:354,(anonymous_13)
FNF:14
FNH:14
FNDA:34,(anonymous_0)
FNDA:24,(anonymous_1)
FNDA:10,(anonymous_2)
FNDA:1,(anonymous_3)
FNDA:3,(anonymous_4)
FNDA:12,(anonymous_5)
FNDA:1,(anonymous_6)
FNDA:3,(anonymous_7)
FNDA:79,(anonymous_8)
FNDA:34,(anonymous_9)
FNDA:31,(anonymous_10)
FNDA:2,(anonymous_11)
FNDA:1,(anonymous_12)
FNDA:7,(anonymous_13)
DA:38,34
DA:39,34
DA:40,34
DA:41,34
DA:44,34
DA:45,34
DA:55,24
DA:59,24
DA:69,10
DA:73,10
DA:83,1
DA:87,1
DA:99,3
DA:100,0
DA:102,3
DA:103,3
DA:116,12
DA:117,12
DA:127,1
DA:128,1
DA:139,3
DA:140,3
DA:148,79
DA:156,34
DA:168,31
DA:170,31
DA:171,31
DA:173,31
DA:174,31
DA:177,31
DA:178,31
DA:179,31
DA:181,31
DA:182,118
DA:185,118
DA:186,87
DA:187,87
DA:191,117
DA:194,65
DA:196,65
DA:202,65
DA:203,94
DA:204,4
DA:207,90
DA:208,13
DA:209,10
DA:212,87
DA:216,31
DA:227,2
DA:229,2
DA:230,2
DA:232,2
DA:233,2
DA:242,2
DA:243,2
DA:246,2
DA:248,2
DA:249,14
DA:252,14
DA:253,12
DA:258,12
DA:262,14
DA:264,12
DA:266,12
DA:272,12
DA:273,12
DA:274,0
DA:277,12
DA:278,0
DA:279,0
DA:282,12
DA:291,2
DA:302,1
DA:304,1
DA:305,1
DA:307,1
DA:308,1
DA:310,1
DA:311,1
DA:312,1
DA:313,1
DA:314,1
DA:316,1
DA:317,3
DA:319,3
DA:321,2
DA:323,2
DA:329,2
DA:330,2
DA:332,2
DA:333,0
DA:336,2
DA:337,2
DA:338,2
DA:340,2
DA:345,1
DA:355,7
DA:356,10
DA:358,10
DA:359,3
DA:360,2
DA:363,7
DA:364,7
DA:365,7
DA:366,7
DA:367,6
DA:368,4
DA:369,4
DA:370,4
DA:371,4
DA:372,4
DA:373,4
DA:374,0
DA:375,0
DA:379,3
LF:115
LH:108
BRDA:57,0,0,23
BRDA:57,0,1,1
BRDA:71,1,0,10
BRDA:71,1,1,0
BRDA:85,2,0,1
BRDA:85,2,1,0
BRDA:99,3,0,0
BRDA:99,3,1,3
BRDA:156,4,0,34
BRDA:156,4,1,22
BRDA:168,5,0,0
BRDA:168,5,1,31
BRDA:171,6,0,3
BRDA:171,6,1,28
BRDA:174,7,0,0
BRDA:174,7,1,31
BRDA:179,8,0,3
BRDA:179,8,1,28
BRDA:181,9,0,31
BRDA:181,9,1,118
BRDA:185,10,0,87
BRDA:185,10,1,31
BRDA:187,11,0,1
BRDA:187,11,1,86
BRDA:191,12,0,52
BRDA:191,12,1,65
BRDA:203,13,0,4
BRDA:203,13,1,90
BRDA:203,14,0,94
BRDA:203,14,1,7
BRDA:207,15,0,13
BRDA:207,15,1,77
BRDA:208,16,0,3
BRDA:208,16,1,10
BRDA:227,17,0,0
BRDA:227,17,1,2
BRDA:230,18,0,0
BRDA:230,18,1,2
BRDA:233,19,0,0
BRDA:233,19,1,2
BRDA:246,20,0,0
BRDA:246,20,1,2
BRDA:248,21,0,2
BRDA:248,21,1,14
BRDA:252,22,0,12
BRDA:252,22,1,2
BRDA:258,23,0,0
BRDA:258,23,1,12
BRDA:262,24,0,2
BRDA:262,24,1,12
BRDA:273,25,0,0
BRDA:273,25,1,12
BRDA:273,26,0,12
BRDA:273,26,1,0
BRDA:277,27,0,0
BRDA:277,27,1,12
BRDA:278,28,0,0
BRDA:278,28,1,0
BRDA:302,29,0,0
BRDA:302,29,1,1
BRDA:308,30,0,0
BRDA:308,30,1,1
BRDA:319,31,0,1
BRDA:319,31,1,2
BRDA:332,32,0,0
BRDA:332,32,1,2
BRDA:332,33,0,2
BRDA:332,33,1,0
BRDA:336,34,0,2
BRDA:336,34,1,0
BRDA:358,35,0,3
BRDA:358,35,1,7
BRDA:358,36,0,10
BRDA:358,36,1,7
BRDA:359,37,0,1
BRDA:359,37,1,2
BRDA:363,38,0,0
BRDA:363,38,1,7
BRDA:363,39,0,7
BRDA:363,39,1,0
BRDA:364,40,0,0
BRDA:364,40,1,7
BRDA:364,41,0,7
BRDA:364,41,1,0
BRDA:365,42,0,0
BRDA:365,42,1,7
BRDA:365,43,0,7
BRDA:365,43,1,0
BRDA:366,44,0,1
BRDA:366,44,1,6
BRDA:366,45,0,7
BRDA:366,45,1,2
BRDA:367,46,0,2
BRDA:367,46,1,4
BRDA:367,47,0,6
BRDA:367,47,1,4
BRDA:368,48,0,0
BRDA:368,48,1,4
BRDA:368,49,0,4
BRDA:368,49,1,0
BRDA:369,50,0,0
BRDA:369,50,1,4
BRDA:369,51,0,4
BRDA:369,51,1,0
BRDA:370,52,0,0
BRDA:370,52,1,4
BRDA:370,53,0,4
BRDA:370,53,1,0
BRDA:371,54,0,0
BRDA:371,54,1,4
BRDA:371,55,0,4
BRDA:371,55,1,1
BRDA:372,56,0,0
BRDA:372,56,1,4
BRDA:372,57,0,4
BRDA:372,57,1,0
BRDA:373,58,0,0
BRDA:373,58,1,4
BRDA:374,59,0,0
BRDA:374,59,1,0
BRDA:375,60,0,0
BRDA:375,60,1,0
BRF:122
BRH:82
end_of_record
TN:
SF:src/types.ts
FNF:0
FNH:0
LF:0
LH:0
BRF:0
BRH:0
end_of_record
TN:
SF:src/adapters/memory.ts
FN:24,(anonymous_0)
FN:31,(anonymous_1)
FN:40,(anonymous_2)
FN:47,(anonymous_3)
FN:54,(anonymous_4)
FN:62,(anonymous_5)
FN:86,(anonymous_6)
FN:99,(anonymous_7)
FNF:8
FNH:8
FNDA:167,(anonymous_0)
FNDA:2,(anonymous_1)
FNDA:3273,(anonymous_2)
FNDA:1243,(anonymous_3)
FNDA:1,(anonymous_4)
FNDA:1270,(anonymous_5)
FNDA:358,(anonymous_6)
FNDA:123760,(anonymous_7)
DA:18,166
DA:19,166
DA:25,167
DA:32,2
DA:33,2
DA:41,3273
DA:48,1243
DA:55,1
DA:65,1270
DA:66,4173
DA:67,4105
DA:68,1
DA:70,4104
DA:71,68
DA:72,68
DA:90,358
DA:93,358
DA:96,358
DA:99,123760
DA:101,358
DA:102,358
DA:103,807
DA:105,806
DA:106,806
DA:107,806
DA:108,806
LF:26
LH:26
BRDA:41,0,0,3273
BRDA:41,0,1,244
BRDA:66,1,0,4105
BRDA:66,1,1,68
BRDA:67,2,0,1
BRDA:67,2,1,4104
BRDA:71,3,0,68
BRDA:71,3,1,0
BRDA:90,4,0,358
BRDA:90,5,0,358
BRDA:90,6,0,358
BRDA:90,6,1,356
BRDA:96,7,0,1
BRDA:96,7,1,357
BRDA:103,8,0,1
BRDA:103,8,1,806
BRDA:106,9,0,806
BRDA:106,9,1,0
BRF:18
BRH:16
end_of_record
